c:\projects\asyncchannels\asyncchannels\debug\asyncchannels.pdb
c:\projects\asyncchannels\asyncchannels\debug\asyncchannels.idb
c:\projects\asyncchannels\asyncchannels\debug\tcp_connection.obj
c:\projects\asyncchannels\asyncchannels\debug\system.obj
c:\projects\asyncchannels\asyncchannels\debug\remotechannels.obj
c:\projects\asyncchannels\asyncchannels\debug\message_reciever.obj
c:\projects\asyncchannels\asyncchannels\debug\message_connection.obj
c:\projects\asyncchannels\asyncchannels\debug\event.obj
c:\projects\asyncchannels\asyncchannels\debug\channel_connection.obj
c:\projects\asyncchannels\asyncchannels\debug\channel.obj
c:\projects\asyncchannels\asyncchannels\debug\broadcastwriter.obj
c:\projects\asyncchannels\asyncchannels\debug\broadcastreader.obj
c:\projects\asyncchannels\asyncchannels\debug\basechannel.obj
c:\projects\asyncchannels\debug\asyncchannels.lib
c:\projects\asyncchannels\asyncchannels\debug\asyncchannels.tlog\cl.command.1.tlog
c:\projects\asyncchannels\asyncchannels\debug\asyncchannels.tlog\cl.read.1.tlog
c:\projects\asyncchannels\asyncchannels\debug\asyncchannels.tlog\cl.write.1.tlog
c:\projects\asyncchannels\asyncchannels\debug\asyncchannels.tlog\lib-link.read.1.tlog
c:\projects\asyncchannels\asyncchannels\debug\asyncchannels.tlog\lib-link.write.1.tlog
c:\projects\asyncchannels\asyncchannels\debug\asyncchannels.tlog\lib.command.1.tlog
